24-Jul-2018 23:32:42 CEST  Initiating request to open file file:/afs/cern.ch/work/p/pthapa/private/miniAOD_2016/CMSSW_8_0_21/src/GenStudy/weightingAnalyzer/test/RootFilesWeighting/RL13_Con_110_M500_Lamda10000_Test_Tree_Structure_MINIAOD.root
24-Jul-2018 23:32:43 CEST  Successfully opened file file:/afs/cern.ch/work/p/pthapa/private/miniAOD_2016/CMSSW_8_0_21/src/GenStudy/weightingAnalyzer/test/RootFilesWeighting/RL13_Con_110_M500_Lamda10000_Test_Tree_Structure_MINIAOD.root
Begin processing the 1st record. Run 1, Event 2, LumiSection 1 at 24-Jul-2018 23:32:44.377 CEST
Begin processing the 2nd record. Run 1, Event 4, LumiSection 1 at 24-Jul-2018 23:32:44.394 CEST
Begin processing the 3rd record. Run 1, Event 3, LumiSection 1 at 24-Jul-2018 23:32:44.394 CEST
Begin processing the 4th record. Run 1, Event 1, LumiSection 1 at 24-Jul-2018 23:32:44.394 CEST
Begin processing the 5th record. Run 1, Event 8, LumiSection 1 at 24-Jul-2018 23:32:44.394 CEST
Begin processing the 6th record. Run 1, Event 9, LumiSection 1 at 24-Jul-2018 23:32:44.395 CEST
Begin processing the 7th record. Run 1, Event 6, LumiSection 1 at 24-Jul-2018 23:32:44.395 CEST
Begin processing the 8th record. Run 1, Event 5, LumiSection 1 at 24-Jul-2018 23:32:44.395 CEST
Begin processing the 9th record. Run 1, Event 11, LumiSection 1 at 24-Jul-2018 23:32:44.395 CEST
Begin processing the 10th record. Run 1, Event 13, LumiSection 1 at 24-Jul-2018 23:32:44.395 CEST
Begin processing the 11th record. Run 1, Event 10, LumiSection 1 at 24-Jul-2018 23:32:44.396 CEST
Begin processing the 12th record. Run 1, Event 14, LumiSection 1 at 24-Jul-2018 23:32:44.396 CEST
Begin processing the 13th record. Run 1, Event 12, LumiSection 1 at 24-Jul-2018 23:32:44.396 CEST
Begin processing the 14th record. Run 1, Event 7, LumiSection 1 at 24-Jul-2018 23:32:44.396 CEST
Begin processing the 15th record. Run 1, Event 15, LumiSection 1 at 24-Jul-2018 23:32:44.396 CEST
Begin processing the 16th record. Run 1, Event 16, LumiSection 1 at 24-Jul-2018 23:32:44.397 CEST
Begin processing the 17th record. Run 1, Event 18, LumiSection 1 at 24-Jul-2018 23:32:44.397 CEST
Begin processing the 18th record. Run 1, Event 20, LumiSection 1 at 24-Jul-2018 23:32:44.397 CEST
Begin processing the 19th record. Run 1, Event 23, LumiSection 1 at 24-Jul-2018 23:32:44.397 CEST
Begin processing the 20th record. Run 1, Event 17, LumiSection 1 at 24-Jul-2018 23:32:44.397 CEST
Begin processing the 21st record. Run 1, Event 19, LumiSection 1 at 24-Jul-2018 23:32:44.398 CEST
Begin processing the 22nd record. Run 1, Event 30, LumiSection 1 at 24-Jul-2018 23:32:44.399 CEST
Begin processing the 23rd record. Run 1, Event 26, LumiSection 1 at 24-Jul-2018 23:32:44.399 CEST
Begin processing the 24th record. Run 1, Event 21, LumiSection 1 at 24-Jul-2018 23:32:44.399 CEST
Begin processing the 25th record. Run 1, Event 28, LumiSection 1 at 24-Jul-2018 23:32:44.400 CEST
Begin processing the 26th record. Run 1, Event 25, LumiSection 1 at 24-Jul-2018 23:32:44.400 CEST
Begin processing the 27th record. Run 1, Event 24, LumiSection 1 at 24-Jul-2018 23:32:44.400 CEST
Begin processing the 28th record. Run 1, Event 33, LumiSection 1 at 24-Jul-2018 23:32:44.400 CEST
Begin processing the 29th record. Run 1, Event 22, LumiSection 1 at 24-Jul-2018 23:32:44.401 CEST
Begin processing the 30th record. Run 1, Event 31, LumiSection 1 at 24-Jul-2018 23:32:44.401 CEST
Begin processing the 31st record. Run 1, Event 35, LumiSection 1 at 24-Jul-2018 23:32:44.401 CEST
Begin processing the 32nd record. Run 1, Event 29, LumiSection 1 at 24-Jul-2018 23:32:44.401 CEST
Begin processing the 33rd record. Run 1, Event 36, LumiSection 1 at 24-Jul-2018 23:32:44.401 CEST
Begin processing the 34th record. Run 1, Event 34, LumiSection 1 at 24-Jul-2018 23:32:44.401 CEST
Begin processing the 35th record. Run 1, Event 27, LumiSection 1 at 24-Jul-2018 23:32:44.402 CEST
Begin processing the 36th record. Run 1, Event 37, LumiSection 1 at 24-Jul-2018 23:32:44.402 CEST
Begin processing the 37th record. Run 1, Event 39, LumiSection 1 at 24-Jul-2018 23:32:44.402 CEST
Begin processing the 38th record. Run 1, Event 43, LumiSection 1 at 24-Jul-2018 23:32:44.402 CEST
Begin processing the 39th record. Run 1, Event 40, LumiSection 1 at 24-Jul-2018 23:32:44.402 CEST
Begin processing the 40th record. Run 1, Event 38, LumiSection 1 at 24-Jul-2018 23:32:44.404 CEST
Begin processing the 41st record. Run 1, Event 41, LumiSection 1 at 24-Jul-2018 23:32:44.405 CEST
Begin processing the 42nd record. Run 1, Event 45, LumiSection 1 at 24-Jul-2018 23:32:44.405 CEST
Begin processing the 43rd record. Run 1, Event 44, LumiSection 1 at 24-Jul-2018 23:32:44.405 CEST
Begin processing the 44th record. Run 1, Event 42, LumiSection 1 at 24-Jul-2018 23:32:44.405 CEST
Begin processing the 45th record. Run 1, Event 32, LumiSection 1 at 24-Jul-2018 23:32:44.406 CEST
Begin processing the 46th record. Run 1, Event 46, LumiSection 1 at 24-Jul-2018 23:32:44.407 CEST
Begin processing the 47th record. Run 1, Event 47, LumiSection 1 at 24-Jul-2018 23:32:44.407 CEST
Begin processing the 48th record. Run 1, Event 50, LumiSection 1 at 24-Jul-2018 23:32:44.407 CEST
Begin processing the 49th record. Run 1, Event 48, LumiSection 1 at 24-Jul-2018 23:32:44.407 CEST
Begin processing the 50th record. Run 1, Event 51, LumiSection 1 at 24-Jul-2018 23:32:44.407 CEST
Begin processing the 51st record. Run 1, Event 49, LumiSection 1 at 24-Jul-2018 23:32:44.408 CEST
Begin processing the 52nd record. Run 1, Event 52, LumiSection 1 at 24-Jul-2018 23:32:44.408 CEST
Begin processing the 53rd record. Run 1, Event 55, LumiSection 1 at 24-Jul-2018 23:32:44.408 CEST
Begin processing the 54th record. Run 1, Event 54, LumiSection 1 at 24-Jul-2018 23:32:44.408 CEST
Begin processing the 55th record. Run 1, Event 56, LumiSection 1 at 24-Jul-2018 23:32:44.408 CEST
Begin processing the 56th record. Run 1, Event 57, LumiSection 1 at 24-Jul-2018 23:32:44.409 CEST
Begin processing the 57th record. Run 1, Event 59, LumiSection 1 at 24-Jul-2018 23:32:44.409 CEST
Begin processing the 58th record. Run 1, Event 58, LumiSection 1 at 24-Jul-2018 23:32:44.409 CEST
Begin processing the 59th record. Run 1, Event 63, LumiSection 1 at 24-Jul-2018 23:32:44.409 CEST
Begin processing the 60th record. Run 1, Event 53, LumiSection 1 at 24-Jul-2018 23:32:44.409 CEST
Begin processing the 61st record. Run 1, Event 60, LumiSection 1 at 24-Jul-2018 23:32:44.410 CEST
Begin processing the 62nd record. Run 1, Event 65, LumiSection 1 at 24-Jul-2018 23:32:44.410 CEST
Begin processing the 63rd record. Run 1, Event 61, LumiSection 1 at 24-Jul-2018 23:32:44.410 CEST
Begin processing the 64th record. Run 1, Event 68, LumiSection 1 at 24-Jul-2018 23:32:44.410 CEST
Begin processing the 65th record. Run 1, Event 66, LumiSection 1 at 24-Jul-2018 23:32:44.410 CEST
Begin processing the 66th record. Run 1, Event 62, LumiSection 1 at 24-Jul-2018 23:32:44.411 CEST
Begin processing the 67th record. Run 1, Event 71, LumiSection 1 at 24-Jul-2018 23:32:44.411 CEST
Begin processing the 68th record. Run 1, Event 75, LumiSection 1 at 24-Jul-2018 23:32:44.411 CEST
Begin processing the 69th record. Run 1, Event 69, LumiSection 1 at 24-Jul-2018 23:32:44.411 CEST
Begin processing the 70th record. Run 1, Event 67, LumiSection 1 at 24-Jul-2018 23:32:44.411 CEST
Begin processing the 71st record. Run 1, Event 72, LumiSection 1 at 24-Jul-2018 23:32:44.412 CEST
Begin processing the 72nd record. Run 1, Event 78, LumiSection 1 at 24-Jul-2018 23:32:44.413 CEST
Begin processing the 73rd record. Run 1, Event 64, LumiSection 1 at 24-Jul-2018 23:32:44.413 CEST
Begin processing the 74th record. Run 1, Event 74, LumiSection 1 at 24-Jul-2018 23:32:44.413 CEST
Begin processing the 75th record. Run 1, Event 70, LumiSection 1 at 24-Jul-2018 23:32:44.414 CEST
Begin processing the 76th record. Run 1, Event 76, LumiSection 1 at 24-Jul-2018 23:32:44.414 CEST
Begin processing the 77th record. Run 1, Event 73, LumiSection 1 at 24-Jul-2018 23:32:44.415 CEST
Begin processing the 78th record. Run 1, Event 77, LumiSection 1 at 24-Jul-2018 23:32:44.415 CEST
Begin processing the 79th record. Run 1, Event 79, LumiSection 1 at 24-Jul-2018 23:32:44.415 CEST
Begin processing the 80th record. Run 1, Event 81, LumiSection 1 at 24-Jul-2018 23:32:44.417 CEST
Begin processing the 81st record. Run 1, Event 80, LumiSection 1 at 24-Jul-2018 23:32:44.417 CEST
Begin processing the 82nd record. Run 1, Event 82, LumiSection 1 at 24-Jul-2018 23:32:44.417 CEST
Begin processing the 83rd record. Run 1, Event 84, LumiSection 1 at 24-Jul-2018 23:32:44.417 CEST
Begin processing the 84th record. Run 1, Event 85, LumiSection 1 at 24-Jul-2018 23:32:44.418 CEST
Begin processing the 85th record. Run 1, Event 88, LumiSection 1 at 24-Jul-2018 23:32:44.418 CEST
Begin processing the 86th record. Run 1, Event 83, LumiSection 1 at 24-Jul-2018 23:32:44.418 CEST
Begin processing the 87th record. Run 1, Event 89, LumiSection 1 at 24-Jul-2018 23:32:44.418 CEST
Begin processing the 88th record. Run 1, Event 90, LumiSection 1 at 24-Jul-2018 23:32:44.418 CEST
Begin processing the 89th record. Run 1, Event 91, LumiSection 1 at 24-Jul-2018 23:32:44.418 CEST
Begin processing the 90th record. Run 1, Event 93, LumiSection 1 at 24-Jul-2018 23:32:44.419 CEST
Begin processing the 91st record. Run 1, Event 95, LumiSection 1 at 24-Jul-2018 23:32:44.419 CEST
Begin processing the 92nd record. Run 1, Event 92, LumiSection 1 at 24-Jul-2018 23:32:44.419 CEST
Begin processing the 93rd record. Run 1, Event 97, LumiSection 1 at 24-Jul-2018 23:32:44.420 CEST
Begin processing the 94th record. Run 1, Event 86, LumiSection 1 at 24-Jul-2018 23:32:44.420 CEST
Begin processing the 95th record. Run 1, Event 96, LumiSection 1 at 24-Jul-2018 23:32:44.420 CEST
Begin processing the 96th record. Run 1, Event 94, LumiSection 1 at 24-Jul-2018 23:32:44.421 CEST
Begin processing the 97th record. Run 1, Event 100, LumiSection 1 at 24-Jul-2018 23:32:44.421 CEST
Begin processing the 98th record. Run 1, Event 98, LumiSection 1 at 24-Jul-2018 23:32:44.421 CEST
Begin processing the 99th record. Run 1, Event 102, LumiSection 1 at 24-Jul-2018 23:32:44.421 CEST
Begin processing the 100th record. Run 1, Event 103, LumiSection 1 at 24-Jul-2018 23:32:44.421 CEST
Begin processing the 101st record. Run 1, Event 104, LumiSection 1 at 24-Jul-2018 23:32:44.422 CEST
Begin processing the 102nd record. Run 1, Event 105, LumiSection 1 at 24-Jul-2018 23:32:44.422 CEST
Begin processing the 103rd record. Run 1, Event 106, LumiSection 1 at 24-Jul-2018 23:32:44.422 CEST
Begin processing the 104th record. Run 1, Event 87, LumiSection 1 at 24-Jul-2018 23:32:44.422 CEST
Begin processing the 105th record. Run 1, Event 109, LumiSection 1 at 24-Jul-2018 23:32:44.422 CEST
Begin processing the 106th record. Run 1, Event 108, LumiSection 1 at 24-Jul-2018 23:32:44.423 CEST
Begin processing the 107th record. Run 1, Event 107, LumiSection 1 at 24-Jul-2018 23:32:44.423 CEST
Begin processing the 108th record. Run 1, Event 101, LumiSection 1 at 24-Jul-2018 23:32:44.426 CEST
Begin processing the 109th record. Run 1, Event 110, LumiSection 1 at 24-Jul-2018 23:32:44.427 CEST
Begin processing the 110th record. Run 1, Event 99, LumiSection 1 at 24-Jul-2018 23:32:44.427 CEST
24-Jul-2018 23:32:44 CEST  Closed file file:/afs/cern.ch/work/p/pthapa/private/miniAOD_2016/CMSSW_8_0_21/src/GenStudy/weightingAnalyzer/test/RootFilesWeighting/RL13_Con_110_M500_Lamda10000_Test_Tree_Structure_MINIAOD.root

=============================================

MessageLogger Summary

 type     category        sev    module        subroutine        count    total
 ---- -------------------- -- ---------------- ----------------  -----    -----
    1 fileAction           -s file_close                             1        1
    2 fileAction           -s file_open                              2        2

 type    category    Examples: run/evt        run/evt          run/evt
 ---- -------------------- ---------------- ---------------- ----------------
    1 fileAction           PostEndRun                        
    2 fileAction           pre-events       pre-events       

Severity    # Occurrences   Total Occurrences
--------    -------------   -----------------
System                  3                   3
